mktextfm Inconsolata
mktextfm Inconsolata
mktextfm Inconsolata
mktextfm Inconsolata/BI
mktextfm Inconsolata
mktextfm Inconsolata/B
mktextfm Inconsolata
mktextfm Inconsolata/I
mktextfm Inconsolata
mktextfm Inconsolata
mktextfm Inconsolata
mktextfm Inconsolata
mktextfm Inconsolata
mktextfm Inconsolata/BI
mktextfm Inconsolata
mktextfm Inconsolata/B
mktextfm Inconsolata
mktextfm Inconsolata/I
mktextfm Inconsolata
mktextfm Inconsolata
mktextfm Inconsolata-nerd-font
mktextfm Inconsolata-nerd-font
mktextfm Inconsolata-nerd-font
mktextfm Inconsolata-nerd-font/BI
mktextfm Inconsolata-nerd-font
mktextfm Inconsolata-nerd-font/B
mktextfm Inconsolata-nerd-font
mktextfm Inconsolata-nerd-font/I
mktextfm Inconsolata-nerd-font
mktextfm Inconsolata-nerd-font
mktextfm Inconsolata-nerd-font
mktextfm Inconsolata-nerd-font
mktextfm Inconsolata-nerd-font
mktextfm Inconsolata-nerd-font/BI
mktextfm Inconsolata-nerd-font
mktextfm Inconsolata-nerd-font/B
mktextfm Inconsolata-nerd-font
mktextfm Inconsolata-nerd-font/I
mktextfm Inconsolata-nerd-font
mktextfm Inconsolata-nerd-font
